Running main() from /app/build/_deps/googletest-src/googletest/src/gtest_main.cc
[==========] Running 5 tests from 2 test suites.
[----------] Global test environment set-up.
[----------] 3 tests from Base64Test
[ RUN      ] Base64Test.EncodeDecode
[       OK ] Base64Test.EncodeDecode (0 ms)
[ RUN      ] Base64Test.EmptyString
[       OK ] Base64Test.EmptyString (0 ms)
[ RUN      ] Base64Test.Padding
[       OK ] Base64Test.Padding (0 ms)
[----------] 3 tests from Base64Test (0 ms total)

[----------] 2 tests from AesGcmTest
[ RUN      ] AesGcmTest.EncryptDecrypt
[       OK ] AesGcmTest.EncryptDecrypt (2 ms)
[ RUN      ] AesGcmTest.WrongKeyFails
[       OK ] AesGcmTest.WrongKeyFails (0 ms)
[----------] 2 tests from AesGcmTest (2 ms total)

[----------] Global test environment tear-down
[==========] 5 tests from 2 test suites ran. (2 ms total)
[  PASSED  ] 5 tests.
